# JRE version: Java(TM) SE Runtime Environment (17.0.12+8) (build 17.0.12+8-LTS-286)
# Java VM: Java HotSpot(TM) 64-Bit Server VM (17.0.12+8-LTS-286, mixed mode, sharing, tiered, compressed oops, compressed class ptrs, g1 gc, windows-amd64)
GC Precious Log:
 CPUs: 8 total, 8 available
 Memory: 7877M
 Large Page Support: Disabled
 NUMA Support: Disabled
 Compressed Oops: Enabled (32-bit)
 Heap Region Size: 1M
 Heap Min Capacity: 8M
 Heap Initial Capacity: 124M
 Heap Max Capacity: 1970M
 Pre-touch: Disabled
 Parallel Workers: 8
 Concurrent Workers: 2
 Concurrent Refinement Workers: 8
 Periodic GC: Disabled
Heap:
 garbage-first heap   total 103424K, used 72338K [0x0000000084e00000, 0x0000000100000000)
  region size 1024K, 33 young (33792K), 4 survivors (4096K)
 Metaspace       used 87635K, committed 88256K, reserved 1179648K
  class space    used 12382K, committed 12672K, reserved 1048576K
GC Heap History (20 events):
Event: 8.596 GC heap before
{Heap before GC invocations=10 (full 0):
 garbage-first heap   total 86016K, used 63003K [0x0000000084e00000, 0x0000000100000000)
  region size 1024K, 38 young (38912K), 3 survivors (3072K)
 Metaspace       used 43142K, committed 43520K, reserved 1114112K
  class space    used 6157K, committed 6336K, reserved 1048576K
}
Event: 8.605 GC heap after
{Heap after GC invocations=11 (full 0):
 garbage-first heap   total 86016K, used 29434K [0x0000000084e00000, 0x0000000100000000)
  region size 1024K, 5 young (5120K), 5 survivors (5120K)
 Metaspace       used 43142K, committed 43520K, reserved 1114112K
  class space    used 6157K, committed 6336K, reserved 1048576K
}
Event: 8.632 GC heap before
{Heap before GC invocations=11 (full 0):
 garbage-first heap   total 86016K, used 30458K [0x0000000084e00000, 0x0000000100000000)
  region size 1024K, 6 young (6144K), 5 survivors (5120K)
 Metaspace       used 43360K, committed 43776K, reserved 1114112K
  class space    used 6208K, committed 6400K, reserved 1048576K
}
Event: 8.642 GC heap after
{Heap after GC invocations=12 (full 0):
 garbage-first heap   total 86016K, used 29575K [0x0000000084e00000, 0x0000000100000000)
  region size 1024K, 1 young (1024K), 1 survivors (1024K)
 Metaspace       used 43360K, committed 43776K, reserved 1114112K
  class space    used 6208K, committed 6400K, reserved 1048576K
}
Event: 10.288 GC heap before
{Heap before GC invocations=12 (full 0):
 garbage-first heap   total 86016K, used 64391K [0x0000000084e00000, 0x0000000100000000)
  region size 1024K, 35 young (35840K), 1 survivors (1024K)
 Metaspace       used 55377K, committed 55872K, reserved 1114112K
  class space    used 7635K, committed 7872K, reserved 1048576K
}
Event: 10.296 GC heap after
{Heap after GC invocations=13 (full 0):
 garbage-first heap   total 86016K, used 31997K [0x0000000084e00000, 0x0000000100000000)
  region size 1024K, 4 young (4096K), 4 survivors (4096K)
 Metaspace       used 55377K, committed 55872K, reserved 1114112K
  class space    used 7635K, committed 7872K, reserved 1048576K
}
Event: 11.177 GC heap before
{Heap before GC invocations=13 (full 0):
 garbage-first heap   total 86016K, used 55549K [0x0000000084e00000, 0x0000000100000000)
  region size 1024K, 28 young (28672K), 4 survivors (4096K)
 Metaspace       used 60151K, committed 60608K, reserved 1114112K
  class space    used 8152K, committed 8384K, reserved 1048576K
}
Event: 11.186 GC heap after
{Heap after GC invocations=14 (full 0):
 garbage-first heap   total 86016K, used 33232K [0x0000000084e00000, 0x0000000100000000)
  region size 1024K, 2 young (2048K), 2 survivors (2048K)
 Metaspace       used 60151K, committed 60608K, reserved 1114112K
  class space    used 8152K, committed 8384K, reserved 1048576K
}
Event: 12.560 GC heap before
{Heap before GC invocations=15 (full 0):
 garbage-first heap   total 86016K, used 66000K [0x0000000084e00000, 0x0000000100000000)
  region size 1024K, 34 young (34816K), 2 survivors (2048K)
 Metaspace       used 67968K, committed 68480K, reserved 1114112K
  class space    used 9410K, committed 9664K, reserved 1048576K
}
Event: 12.568 GC heap after
{Heap after GC invocations=16 (full 0):
 garbage-first heap   total 86016K, used 34135K [0x0000000084e00000, 0x0000000100000000)
  region size 1024K, 3 young (3072K), 3 survivors (3072K)
 Metaspace       used 67968K, committed 68480K, reserved 1114112K
  class space    used 9410K, committed 9664K, reserved 1048576K
}
Event: 13.811 GC heap before
{Heap before GC invocations=16 (full 0):
 garbage-first heap   total 86016K, used 66903K [0x0000000084e00000, 0x0000000100000000)
  region size 1024K, 35 young (35840K), 3 survivors (3072K)
 Metaspace       used 73431K, committed 73920K, reserved 1114112K
  class space    used 10139K, committed 10368K, reserved 1048576K
}
Event: 13.822 GC heap after
{Heap after GC invocations=17 (full 0):
 garbage-first heap   total 86016K, used 35587K [0x0000000084e00000, 0x0000000100000000)
  region size 1024K, 4 young (4096K), 4 survivors (4096K)
 Metaspace       used 73431K, committed 73920K, reserved 1114112K
  class space    used 10139K, committed 10368K, reserved 1048576K
}
Event: 15.086 GC heap before
{Heap before GC invocations=17 (full 0):
 garbage-first heap   total 86016K, used 68355K [0x0000000084e00000, 0x0000000100000000)
  region size 1024K, 36 young (36864K), 4 survivors (4096K)
 Metaspace       used 76976K, committed 77504K, reserved 1179648K
  class space    used 10591K, committed 10816K, reserved 1048576K
}
Event: 15.103 GC heap after
{Heap after GC invocations=18 (full 0):
 garbage-first heap   total 86016K, used 37964K [0x0000000084e00000, 0x0000000100000000)
  region size 1024K, 5 young (5120K), 5 survivors (5120K)
 Metaspace       used 76976K, committed 77504K, reserved 1179648K
  class space    used 10591K, committed 10816K, reserved 1048576K
}
Event: 16.120 GC heap before
{Heap before GC invocations=18 (full 0):
 garbage-first heap   total 86016K, used 68684K [0x0000000084e00000, 0x0000000100000000)
  region size 1024K, 35 young (35840K), 5 survivors (5120K)
 Metaspace       used 79992K, committed 80576K, reserved 1179648K
  class space    used 11044K, committed 11328K, reserved 1048576K
}
Event: 16.137 GC heap after
{Heap after GC invocations=19 (full 0):
 garbage-first heap   total 86016K, used 39307K [0x0000000084e00000, 0x0000000100000000)
  region size 1024K, 4 young (4096K), 4 survivors (4096K)
 Metaspace       used 79992K, committed 80576K, reserved 1179648K
  class space    used 11044K, committed 11328K, reserved 1048576K
}
Event: 17.259 GC heap before
{Heap before GC invocations=19 (full 0):
 garbage-first heap   total 86016K, used 70027K [0x0000000084e00000, 0x0000000100000000)
  region size 1024K, 34 young (34816K), 4 survivors (4096K)
 Metaspace       used 82467K, committed 83072K, reserved 1179648K
  class space    used 11397K, committed 11648K, reserved 1048576K
}
Event: 17.278 GC heap after
{Heap after GC invocations=20 (full 0):
 garbage-first heap   total 103424K, used 41958K [0x0000000084e00000, 0x0000000100000000)
  region size 1024K, 4 young (4096K), 4 survivors (4096K)
 Metaspace       used 82467K, committed 83072K, reserved 1179648K
  class space    used 11397K, committed 11648K, reserved 1048576K
}
Event: 18.789 GC heap before
{Heap before GC invocations=20 (full 0):
 garbage-first heap   total 103424K, used 81894K [0x0000000084e00000, 0x0000000100000000)
  region size 1024K, 44 young (45056K), 4 survivors (4096K)
 Metaspace       used 85269K, committed 85888K, reserved 1179648K
  class space    used 11940K, committed 12224K, reserved 1048576K
}
Event: 18.811 GC heap after
{Heap after GC invocations=21 (full 0):
 garbage-first heap   total 103424K, used 43666K [0x0000000084e00000, 0x0000000100000000)
  region size 1024K, 4 young (4096K), 4 survivors (4096K)
 Metaspace       used 85269K, committed 85888K, reserved 1179648K
  class space    used 11940K, committed 12224K, reserved 1048576K
}

